[debug] [2020-11-06T06:41:43.706Z] ----------------------------------------------------------------------
[debug] [2020-11-06T06:41:43.710Z] Command:       C:\Program Files\nodejs\node.exe C:\Users\Mona\AppData\Roaming\npm\node_modules\firebase-tools\lib\bin\firebase.js init
[debug] [2020-11-06T06:41:43.710Z] CLI Version:   8.15.0
[debug] [2020-11-06T06:41:43.710Z] Platform:      win32
[debug] [2020-11-06T06:41:43.711Z] Node Version:  v12.16.1
[debug] [2020-11-06T06:41:43.712Z] Time:          Thu Nov 05 2020 22:41:43 GMT-0800 (Pacific Standard Time)
[debug] [2020-11-06T06:41:43.712Z] ----------------------------------------------------------------------
[debug] [2020-11-06T06:41:43.712Z] 
[debug] [2020-11-06T06:41:43.722Z] > command requires scopes: ["email","openid","https://www.googleapis.com/auth/cloudplatformprojects.readonly","https://www.googleapis.com/auth/firebase","https://www.googleapis.com/auth/cloud-platform"]
[debug] [2020-11-06T06:41:43.723Z] > authorizing via signed-in user
[info] 
     ######## #### ########  ######## ########     ###     ######  ########
     ##        ##  ##     ## ##       ##     ##  ##   ##  ##       ##
     ######    ##  ########  ######   ########  #########  ######  ######
     ##        ##  ##    ##  ##       ##     ## ##     ##       ## ##
     ##       #### ##     ## ######## ########  ##     ##  ######  ########

You're about to initialize a Firebase project in this directory:

  C:\Users\Mona\Documents\Github1\Netflix-clone

Before we get started, keep in mind:

  * You are initializing in an existing Firebase project directory

